 Aquifer-scale variables for Test 3  Transient, leaky, rainfall                          
         Time    Average H            Q          Kup            P
   0.0000E+00   3.0000E+01  -6.6914E-09   2.8804E+05   0.0000E+00
   8.6400E+04   3.0389E+01   5.0028E-05   1.2853E-04   6.0206E+01
   1.7280E+05   3.0388E+01   2.3235E-05   5.9902E-05   3.3682E+01
   2.5920E+05   3.0387E+01   1.7840E-05   4.6096E-05   2.5689E+01
   3.4560E+05   3.0386E+01   1.5038E-05   3.8927E-05   2.1538E+01
   4.3200E+05   3.0755E+01   5.9826E-05   7.9241E-05   3.6734E+01
   5.1840E+05   3.0753E+01   3.4026E-05   4.5177E-05   2.5157E+01
   6.0480E+05   3.0903E+01   4.6194E-05   5.1153E-05   2.3359E+01
   6.9120E+05   3.1728E+01   1.3783E-04   7.9755E-05   3.6979E+01
   7.7760E+05   3.2073E+01   1.1968E-04   5.7747E-05   2.6498E+01
   8.6400E+05   3.2541E+01   1.4212E-04   5.5927E-05   2.5632E+01
   9.5040E+05   3.2819E+01   1.3290E-04   4.7145E-05   2.1450E+01
   1.0368E+06   3.3542E+01   1.9074E-04   5.3849E-05   2.4642E+01
   1.1232E+06   3.3724E+01   1.5422E-04   4.1417E-05   1.8722E+01
   1.2096E+06   3.3718E+01   1.2600E-04   3.3891E-05   1.8622E+01
   1.2960E+06   3.4041E+01   1.4964E-04   3.7031E-05   1.6634E+01
   1.3824E+06   3.4035E+01   1.2186E-04   3.0198E-05   1.6484E+01
   1.4688E+06   3.4196E+01   1.2755E-04   3.0397E-05   1.3475E+01
   1.5552E+06   3.4905E+01   1.9809E-04   4.0384E-05   1.8230E+01
   1.6416E+06   3.4898E+01   1.4579E-04   2.9764E-05   1.6233E+01
   1.7280E+06   3.5113E+01   1.5414E-04   3.0149E-05   1.3357E+01
   1.8144E+06   3.5317E+01   1.5604E-04   2.9345E-05   1.2974E+01
   1.9008E+06   3.5311E+01   1.3445E-04   2.5315E-05   1.3657E+01
   1.9872E+06   3.5306E+01   1.2424E-04   2.3416E-05   1.2558E+01
   2.0736E+06   3.6158E+01   2.2212E-04   3.6071E-05   1.6177E+01
   2.1600E+06   3.6349E+01   1.8298E-04   2.8820E-05   1.2724E+01
   2.2464E+06   3.6342E+01   1.5683E-04   2.4730E-05   1.3318E+01
   2.3328E+06   3.6888E+01   2.0931E-04   3.0388E-05   1.3470E+01
   2.4192E+06   3.7479E+01   2.3874E-04   3.1922E-05   1.4201E+01
   2.5056E+06   3.7470E+01   1.8901E-04   2.5302E-05   1.3649E+01
   2.5920E+06   3.8175E+01   2.5530E-04   3.1231E-05   1.3872E+01
   2.6784E+06   3.8676E+01   2.6071E-04   3.0051E-05   1.3310E+01
   2.7648E+06   3.9137E+01   2.6612E-04   2.9125E-05   1.2869E+01
   2.8512E+06   3.9127E+01   2.2280E-04   2.4411E-05   1.3134E+01
   2.9376E+06   3.9118E+01   2.0352E-04   2.2321E-05   1.1924E+01
   3.0240E+06   3.9109E+01   1.9048E-04   2.0911E-05   1.1107E+01
   3.1104E+06   3.9499E+01   2.2446E-04   2.3631E-05   1.0253E+01
   3.1968E+06   3.9822E+01   2.3289E-04   2.3711E-05   1.0291E+01
   3.2832E+06   4.0615E+01   2.9832E-04   2.8105E-05   1.2383E+01
   3.3696E+06   4.0933E+01   2.7275E-04   2.4948E-05   1.0880E+01
   3.4560E+06   4.1199E+01   2.6644E-04   2.3791E-05   1.0329E+01
   3.5424E+06   4.2076E+01   3.4096E-04   2.8234E-05   1.2445E+01
   3.6288E+06   4.2403E+01   3.0866E-04   2.4886E-05   1.0851E+01
   3.7152E+06   4.2909E+01   3.2680E-04   2.5316E-05   1.1055E+01
   3.8016E+06   4.2896E+01   2.7954E-04   2.1677E-05   1.1550E+01
   3.8880E+06   4.2884E+01   2.5893E-04   2.0096E-05   1.0635E+01
   3.9744E+06   4.3398E+01   3.0230E-04   2.2564E-05   9.7447E+00
   4.0608E+06   4.3386E+01   2.6363E-04   1.9695E-05   1.0403E+01
   4.1472E+06   4.3832E+01   2.9827E-04   2.1564E-05   9.2688E+00
   4.2336E+06   4.4289E+01   3.1522E-04   2.2061E-05   9.5050E+00
   4.3200E+06   4.4276E+01   2.7507E-04   1.9268E-05   1.0156E+01
   4.4064E+06   4.4834E+01   3.2106E-04   2.1644E-05   9.3067E+00
   4.4928E+06   4.5345E+01   3.3781E-04   2.2015E-05   9.4833E+00
   4.5792E+06   4.5585E+01   3.2027E-04   2.0550E-05   8.7857E+00
   4.6656E+06   4.5994E+01   3.3374E-04   2.0867E-05   8.9364E+00
   4.7520E+06   4.6829E+01   3.9525E-04   2.3486E-05   1.0184E+01
   4.8384E+06   4.7081E+01   3.5852E-04   2.0989E-05   8.9950E+00
   4.9248E+06   4.8321E+01   4.6997E-04   2.5652E-05   1.1215E+01
   5.0112E+06   4.8641E+01   4.1233E-04   2.2119E-05   9.5329E+00
   5.0976E+06   4.9556E+01   4.7228E-04   2.4150E-05   1.0500E+01
   5.1840E+06   4.9538E+01   3.9570E-04   2.0253E-05   1.0726E+01
   5.2704E+06   4.9830E+01   3.9542E-04   1.9941E-05   8.4957E+00
   5.3568E+06   5.0057E+01   3.8706E-04   1.9298E-05   8.1894E+00
   5.4432E+06   5.0041E+01   3.5770E-04   1.7848E-05   9.3336E+00
   5.5296E+06   5.0674E+01   4.1134E-04   1.9897E-05   8.4746E+00
   5.6160E+06   5.1103E+01   4.1134E-04   1.9492E-05   8.2818E+00
   5.7024E+06   5.1658E+01   4.3394E-04   2.0036E-05   8.5411E+00
   5.7888E+06   5.2061E+01   4.2847E-04   1.9422E-05   8.2485E+00
   5.8752E+06   5.2892E+01   4.8059E-04   2.0993E-05   8.9969E+00
   5.9616E+06   5.2873E+01   4.1455E-04   1.8124E-05   9.4932E+00
   6.0480E+06   5.3093E+01   4.1138E-04   1.7814E-05   7.4830E+00
   6.1344E+06   5.3592E+01   4.3814E-04   1.8571E-05   7.8435E+00
   6.2208E+06   5.4222E+01   4.6880E-04   1.9354E-05   8.2163E+00
   6.3072E+06   5.5039E+01   5.0759E-04   2.0272E-05   8.6533E+00
   6.3936E+06   5.5410E+01   4.8217E-04   1.8976E-05   8.0361E+00
   6.4800E+06   5.5939E+01   4.9382E-04   1.9038E-05   8.0656E+00
   6.5664E+06   5.6793E+01   5.4103E-04   2.0193E-05   8.6158E+00
   6.6528E+06   5.7708E+01   5.7491E-04   2.0749E-05   8.8805E+00
   6.7392E+06   5.8074E+01   5.3477E-04   1.9049E-05   8.0707E+00
   6.8256E+06   5.8251E+01   5.0608E-04   1.7914E-05   7.5303E+00
   6.9120E+06   5.8230E+01   4.7026E-04   1.6658E-05   8.6447E+00
   6.9984E+06   5.8717E+01   5.0075E-04   1.7437E-05   7.3035E+00
   7.0848E+06   5.9686E+01   5.6971E-04   1.9191E-05   8.1386E+00
   7.1712E+06   6.0113E+01   5.4508E-04   1.8101E-05   7.6197E+00
   7.2576E+06   6.0091E+01   4.9441E-04   1.6431E-05   8.5131E+00
   7.3440E+06   6.0070E+01   4.6863E-04   1.5585E-05   8.0232E+00
   7.4304E+06   6.0050E+01   4.4952E-04   1.4959E-05   7.6610E+00
   7.5168E+06   6.0617E+01   4.9613E-04   1.6205E-05   6.7164E+00
   7.6032E+06   6.0597E+01   4.5609E-04   1.4907E-05   7.6306E+00
   7.6896E+06   6.0577E+01   4.3703E-04   1.4293E-05   7.2752E+00
   7.7760E+06   6.0559E+01   4.2347E-04   1.3858E-05   7.0233E+00
   7.8624E+06   6.1203E+01   4.8540E-04   1.5556E-05   6.4076E+00
   7.9488E+06   6.1375E+01   4.6027E-04   1.4670E-05   5.9856E+00
   8.0352E+06   6.1356E+01   4.3488E-04   1.3869E-05   7.0299E+00
   8.1216E+06   6.1891E+01   4.7793E-04   1.4986E-05   6.1364E+00
   8.2080E+06   6.2055E+01   4.5894E-04   1.4317E-05   5.8177E+00
   8.2944E+06   6.2459E+01   4.7590E-04   1.4661E-05   5.9817E+00
   8.3808E+06   6.2439E+01   4.4439E-04   1.3699E-05   6.9316E+00
   8.4672E+06   6.2817E+01   4.6627E-04   1.4208E-05   5.7658E+00
   8.5536E+06   6.4339E+01   6.2073E-04   1.8076E-05   7.6078E+00
   8.6400E+06   6.4811E+01   5.6704E-04   1.6289E-05   6.7566E+00
