#OUTPUT
 $PCS_TYPE
  RICHARDS_FLOW
 $NOD_VALUES
  PRESSURE1
  SATURATION1
  VELOCITY_X1
  VELOCITY_Z1
 $ELE_VALUES
  VELOCITY1_X
  VELOCITY1_Z
 $GEO_TYPE
  DOMAIN
$DAT_TYPE
  PVD
 $TIM_TYPE
  STEPS 1

#OUTPUT	
$PCS_TYPE	
RICHARDS_FLOW	
$NOD_VALUES	
SATURATION1	
$GEO_TYPE	
POLYLINE	obs_0000
$DAT_TYPE	
TECPLOT	
$TIM_TYPE	
STEPS	1
#OUTPUT	
$PCS_TYPE	
RICHARDS_FLOW	
$NOD_VALUES	
SATURATION1	
$GEO_TYPE	
POLYLINE	obs_0010
$DAT_TYPE	
TECPLOT	
$TIM_TYPE	
STEPS	1
#OUTPUT	
$PCS_TYPE	
RICHARDS_FLOW	
$NOD_VALUES	
SATURATION1	
$GEO_TYPE	
POLYLINE	obs_0020
$DAT_TYPE	
TECPLOT	
$TIM_TYPE	
STEPS	1
#OUTPUT	
$PCS_TYPE	
RICHARDS_FLOW	
$NOD_VALUES	
SATURATION1	
$GEO_TYPE	
POLYLINE	obs_0030
$DAT_TYPE	
TECPLOT	
$TIM_TYPE	
STEPS	1
#OUTPUT	
$PCS_TYPE	
RICHARDS_FLOW	
$NOD_VALUES	
SATURATION1	
$GEO_TYPE	
POLYLINE	obs_0040
$DAT_TYPE	
TECPLOT	
$TIM_TYPE	
STEPS	1
#OUTPUT	
$PCS_TYPE	
RICHARDS_FLOW	
$NOD_VALUES	
SATURATION1	
$GEO_TYPE	
POLYLINE	obs_0050
$DAT_TYPE	
TECPLOT	
$TIM_TYPE	
STEPS	1
#OUTPUT	
$PCS_TYPE	
RICHARDS_FLOW	
$NOD_VALUES	
SATURATION1	
$GEO_TYPE	
POLYLINE	obs_0060
$DAT_TYPE	
TECPLOT	
$TIM_TYPE	
STEPS	1
#OUTPUT	
$PCS_TYPE	
RICHARDS_FLOW	
$NOD_VALUES	
SATURATION1	
$GEO_TYPE	
POLYLINE	obs_0070
$DAT_TYPE	
TECPLOT	
$TIM_TYPE	
STEPS	1
#OUTPUT	
$PCS_TYPE	
RICHARDS_FLOW	
$NOD_VALUES	
SATURATION1	
$GEO_TYPE	
POLYLINE	obs_0080
$DAT_TYPE	
TECPLOT	
$TIM_TYPE	
STEPS	1
#OUTPUT	
$PCS_TYPE	
RICHARDS_FLOW	
$NOD_VALUES	
SATURATION1	
$GEO_TYPE	
POLYLINE	obs_0090
$DAT_TYPE	
TECPLOT	
$TIM_TYPE	
STEPS	1
#OUTPUT	
$PCS_TYPE	
RICHARDS_FLOW	
$NOD_VALUES	
SATURATION1	
$GEO_TYPE	
POLYLINE	obs_0100
$DAT_TYPE	
TECPLOT	
$TIM_TYPE	
STEPS	1
#OUTPUT	
$PCS_TYPE	
RICHARDS_FLOW	
$NOD_VALUES	
SATURATION1	
$GEO_TYPE	
POLYLINE	obs_0110
$DAT_TYPE	
TECPLOT	
$TIM_TYPE	
STEPS	1
#OUTPUT	
$PCS_TYPE	
RICHARDS_FLOW	
$NOD_VALUES	
SATURATION1	
$GEO_TYPE	
POLYLINE	obs_0120
$DAT_TYPE	
TECPLOT	
$TIM_TYPE	
STEPS	1
#OUTPUT	
$PCS_TYPE	
RICHARDS_FLOW	
$NOD_VALUES	
SATURATION1	
$GEO_TYPE	
POLYLINE	obs_0130
$DAT_TYPE	
TECPLOT	
$TIM_TYPE	
STEPS	1
#OUTPUT	
$PCS_TYPE	
RICHARDS_FLOW	
$NOD_VALUES	
SATURATION1	
$GEO_TYPE	
POLYLINE	obs_0140
$DAT_TYPE	
TECPLOT	
$TIM_TYPE	
STEPS	1
#OUTPUT	
$PCS_TYPE	
RICHARDS_FLOW	
$NOD_VALUES	
SATURATION1	
$GEO_TYPE	
POLYLINE	obs_0150
$DAT_TYPE	
TECPLOT	
$TIM_TYPE	
STEPS	1
#OUTPUT	
$PCS_TYPE	
RICHARDS_FLOW	
$NOD_VALUES	
SATURATION1	
$GEO_TYPE	
POLYLINE	obs_0160
$DAT_TYPE	
TECPLOT	
$TIM_TYPE	
STEPS	1
#OUTPUT	
$PCS_TYPE	
RICHARDS_FLOW	
$NOD_VALUES	
SATURATION1	
$GEO_TYPE	
POLYLINE	obs_0170
$DAT_TYPE	
TECPLOT	
$TIM_TYPE	
STEPS	1
#OUTPUT	
$PCS_TYPE	
RICHARDS_FLOW	
$NOD_VALUES	
SATURATION1	
$GEO_TYPE	
POLYLINE	obs_0180
$DAT_TYPE	
TECPLOT	
$TIM_TYPE	
STEPS	1
#OUTPUT	
$PCS_TYPE	
RICHARDS_FLOW	
$NOD_VALUES	
SATURATION1	
$GEO_TYPE	
POLYLINE	obs_0190
$DAT_TYPE	
TECPLOT	
$TIM_TYPE	
STEPS	1
#OUTPUT	
$PCS_TYPE	
RICHARDS_FLOW	
$NOD_VALUES	
SATURATION1	
$GEO_TYPE	
POLYLINE	obs_0200
$DAT_TYPE	
TECPLOT	
$TIM_TYPE	
STEPS	1
#OUTPUT	
$PCS_TYPE	
RICHARDS_FLOW	
$NOD_VALUES	
SATURATION1	
$GEO_TYPE	
POLYLINE	obs_0210
$DAT_TYPE	
TECPLOT	
$TIM_TYPE	
STEPS	1
#OUTPUT	
$PCS_TYPE	
RICHARDS_FLOW	
$NOD_VALUES	
SATURATION1	
$GEO_TYPE	
POLYLINE	obs_0220
$DAT_TYPE	
TECPLOT	
$TIM_TYPE	
STEPS	1
#OUTPUT	
$PCS_TYPE	
RICHARDS_FLOW	
$NOD_VALUES	
SATURATION1	
$GEO_TYPE	
POLYLINE	obs_0230
$DAT_TYPE	
TECPLOT	
$TIM_TYPE	
STEPS	1
#OUTPUT	
$PCS_TYPE	
RICHARDS_FLOW	
$NOD_VALUES	
SATURATION1	
$GEO_TYPE	
POLYLINE	obs_0240
$DAT_TYPE	
TECPLOT	
$TIM_TYPE	
STEPS	1
#OUTPUT	
$PCS_TYPE	
RICHARDS_FLOW	
$NOD_VALUES	
SATURATION1	
$GEO_TYPE	
POLYLINE	obs_0250
$DAT_TYPE	
TECPLOT	
$TIM_TYPE	
STEPS	1
#OUTPUT	
$PCS_TYPE	
RICHARDS_FLOW	
$NOD_VALUES	
SATURATION1	
$GEO_TYPE	
POLYLINE	obs_0260
$DAT_TYPE	
TECPLOT	
$TIM_TYPE	
STEPS	1
#OUTPUT	
$PCS_TYPE	
RICHARDS_FLOW	
$NOD_VALUES	
SATURATION1	
$GEO_TYPE	
POLYLINE	obs_0270
$DAT_TYPE	
TECPLOT	
$TIM_TYPE	
STEPS	1
#OUTPUT	
$PCS_TYPE	
RICHARDS_FLOW	
$NOD_VALUES	
SATURATION1	
$GEO_TYPE	
POLYLINE	obs_0280
$DAT_TYPE	
TECPLOT	
$TIM_TYPE	
STEPS	1
#OUTPUT	
$PCS_TYPE	
RICHARDS_FLOW	
$NOD_VALUES	
SATURATION1	
$GEO_TYPE	
POLYLINE	obs_0290
$DAT_TYPE	
TECPLOT	
$TIM_TYPE	
STEPS	1
#OUTPUT	
$PCS_TYPE	
RICHARDS_FLOW	
$NOD_VALUES	
SATURATION1	
$GEO_TYPE	
POLYLINE	obs_0300
$DAT_TYPE	
TECPLOT	
$TIM_TYPE	
STEPS	1
#OUTPUT	
$PCS_TYPE	
RICHARDS_FLOW	
$NOD_VALUES	
SATURATION1	
$GEO_TYPE	
POLYLINE	obs_0310
$DAT_TYPE	
TECPLOT	
$TIM_TYPE	
STEPS	1
#OUTPUT	
$PCS_TYPE	
RICHARDS_FLOW	
$NOD_VALUES	
SATURATION1	
$GEO_TYPE	
POLYLINE	obs_0320
$DAT_TYPE	
TECPLOT	
$TIM_TYPE	
STEPS	1
#OUTPUT	
$PCS_TYPE	
RICHARDS_FLOW	
$NOD_VALUES	
SATURATION1	
$GEO_TYPE	
POLYLINE	obs_0330
$DAT_TYPE	
TECPLOT	
$TIM_TYPE	
STEPS	1
#OUTPUT	
$PCS_TYPE	
RICHARDS_FLOW	
$NOD_VALUES	
SATURATION1	
$GEO_TYPE	
POLYLINE	obs_0340
$DAT_TYPE	
TECPLOT	
$TIM_TYPE	
STEPS	1
#OUTPUT	
$PCS_TYPE	
RICHARDS_FLOW	
$NOD_VALUES	
SATURATION1	
$GEO_TYPE	
POLYLINE	obs_0350
$DAT_TYPE	
TECPLOT	
$TIM_TYPE	
STEPS	1
#OUTPUT	
$PCS_TYPE	
RICHARDS_FLOW	
$NOD_VALUES	
SATURATION1	
$GEO_TYPE	
POLYLINE	obs_0360
$DAT_TYPE	
TECPLOT	
$TIM_TYPE	
STEPS	1
#OUTPUT	
$PCS_TYPE	
RICHARDS_FLOW	
$NOD_VALUES	
SATURATION1	
$GEO_TYPE	
POLYLINE	obs_0370
$DAT_TYPE	
TECPLOT	
$TIM_TYPE	
STEPS	1
#OUTPUT	
$PCS_TYPE	
RICHARDS_FLOW	
$NOD_VALUES	
SATURATION1	
$GEO_TYPE	
POLYLINE	obs_0380
$DAT_TYPE	
TECPLOT	
$TIM_TYPE	
STEPS	1
#OUTPUT	
$PCS_TYPE	
RICHARDS_FLOW	
$NOD_VALUES	
SATURATION1	
$GEO_TYPE	
POLYLINE	obs_0390
$DAT_TYPE	
TECPLOT	
$TIM_TYPE	
STEPS	1
#OUTPUT	
$PCS_TYPE	
RICHARDS_FLOW	
$NOD_VALUES	
SATURATION1	
$GEO_TYPE	
POLYLINE	obs_0400
$DAT_TYPE	
TECPLOT	
$TIM_TYPE	
STEPS	1
#OUTPUT	
$PCS_TYPE	
RICHARDS_FLOW	
$NOD_VALUES	
SATURATION1	
$GEO_TYPE	
POLYLINE	obs_0410
$DAT_TYPE	
TECPLOT	
$TIM_TYPE	
STEPS	1
#OUTPUT	
$PCS_TYPE	
RICHARDS_FLOW	
$NOD_VALUES	
SATURATION1	
$GEO_TYPE	
POLYLINE	obs_0420
$DAT_TYPE	
TECPLOT	
$TIM_TYPE	
STEPS	1
#OUTPUT	
$PCS_TYPE	
RICHARDS_FLOW	
$NOD_VALUES	
SATURATION1	
$GEO_TYPE	
POLYLINE	obs_0430
$DAT_TYPE	
TECPLOT	
$TIM_TYPE	
STEPS	1
#OUTPUT	
$PCS_TYPE	
RICHARDS_FLOW	
$NOD_VALUES	
SATURATION1	
$GEO_TYPE	
POLYLINE	obs_0440
$DAT_TYPE	
TECPLOT	
$TIM_TYPE	
STEPS	1
#OUTPUT	
$PCS_TYPE	
RICHARDS_FLOW	
$NOD_VALUES	
SATURATION1	
$GEO_TYPE	
POLYLINE	obs_0450
$DAT_TYPE	
TECPLOT	
$TIM_TYPE	
STEPS	1
#OUTPUT	
$PCS_TYPE	
RICHARDS_FLOW	
$NOD_VALUES	
SATURATION1	
$GEO_TYPE	
POLYLINE	obs_0460
$DAT_TYPE	
TECPLOT	
$TIM_TYPE	
STEPS	1
#OUTPUT	
$PCS_TYPE	
RICHARDS_FLOW	
$NOD_VALUES	
SATURATION1	
$GEO_TYPE	
POLYLINE	obs_0470
$DAT_TYPE	
TECPLOT	
$TIM_TYPE	
STEPS	1
#OUTPUT	
$PCS_TYPE	
RICHARDS_FLOW	
$NOD_VALUES	
SATURATION1	
$GEO_TYPE	
POLYLINE	obs_0480
$DAT_TYPE	
TECPLOT	
$TIM_TYPE	
STEPS	1
#OUTPUT	
$PCS_TYPE	
RICHARDS_FLOW	
$NOD_VALUES	
SATURATION1	
$GEO_TYPE	
POLYLINE	obs_0490
$DAT_TYPE	
TECPLOT	
$TIM_TYPE	
STEPS	1
#OUTPUT	
$PCS_TYPE	
RICHARDS_FLOW	
$NOD_VALUES	
SATURATION1	
$GEO_TYPE	
POLYLINE	obs_0500
$DAT_TYPE	
TECPLOT	
$TIM_TYPE	
STEPS	1
#OUTPUT	
$PCS_TYPE	
RICHARDS_FLOW	
$NOD_VALUES	
SATURATION1	
$GEO_TYPE	
POLYLINE	obs_0510
$DAT_TYPE	
TECPLOT	
$TIM_TYPE	
STEPS	1
#OUTPUT	
$PCS_TYPE	
RICHARDS_FLOW	
$NOD_VALUES	
SATURATION1	
$GEO_TYPE	
POLYLINE	obs_0520
$DAT_TYPE	
TECPLOT	
$TIM_TYPE	
STEPS	1
#OUTPUT	
$PCS_TYPE	
RICHARDS_FLOW	
$NOD_VALUES	
SATURATION1	
$GEO_TYPE	
POLYLINE	obs_0530
$DAT_TYPE	
TECPLOT	
$TIM_TYPE	
STEPS	1
#OUTPUT	
$PCS_TYPE	
RICHARDS_FLOW	
$NOD_VALUES	
SATURATION1	
$GEO_TYPE	
POLYLINE	obs_0540
$DAT_TYPE	
TECPLOT	
$TIM_TYPE	
STEPS	1
#OUTPUT	
$PCS_TYPE	
RICHARDS_FLOW	
$NOD_VALUES	
SATURATION1	
$GEO_TYPE	
POLYLINE	obs_0550
$DAT_TYPE	
TECPLOT	
$TIM_TYPE	
STEPS	1
#OUTPUT	
$PCS_TYPE	
RICHARDS_FLOW	
$NOD_VALUES	
SATURATION1	
$GEO_TYPE	
POLYLINE	obs_0560
$DAT_TYPE	
TECPLOT	
$TIM_TYPE	
STEPS	1
#OUTPUT	
$PCS_TYPE	
RICHARDS_FLOW	
$NOD_VALUES	
SATURATION1	
$GEO_TYPE	
POLYLINE	obs_0570
$DAT_TYPE	
TECPLOT	
$TIM_TYPE	
STEPS	1
#OUTPUT	
$PCS_TYPE	
RICHARDS_FLOW	
$NOD_VALUES	
SATURATION1	
$GEO_TYPE	
POLYLINE	obs_0580
$DAT_TYPE	
TECPLOT	
$TIM_TYPE	
STEPS	1
#OUTPUT	
$PCS_TYPE	
RICHARDS_FLOW	
$NOD_VALUES	
SATURATION1	
$GEO_TYPE	
POLYLINE	obs_0590
$DAT_TYPE	
TECPLOT	
$TIM_TYPE	
STEPS	1
#OUTPUT	
$PCS_TYPE	
RICHARDS_FLOW	
$NOD_VALUES	
SATURATION1	
$GEO_TYPE	
POLYLINE	obs_0600
$DAT_TYPE	
TECPLOT	
$TIM_TYPE	
STEPS	1
#OUTPUT	
$PCS_TYPE	
RICHARDS_FLOW	
$NOD_VALUES	
SATURATION1	
$GEO_TYPE	
POLYLINE	obs_0610
$DAT_TYPE	
TECPLOT	
$TIM_TYPE	
STEPS	1
#OUTPUT	
$PCS_TYPE	
RICHARDS_FLOW	
$NOD_VALUES	
SATURATION1	
$GEO_TYPE	
POLYLINE	obs_0620
$DAT_TYPE	
TECPLOT	
$TIM_TYPE	
STEPS	1
#OUTPUT	
$PCS_TYPE	
RICHARDS_FLOW	
$NOD_VALUES	
SATURATION1	
$GEO_TYPE	
POLYLINE	obs_0630
$DAT_TYPE	
TECPLOT	
$TIM_TYPE	
STEPS	1
#OUTPUT	
$PCS_TYPE	
RICHARDS_FLOW	
$NOD_VALUES	
SATURATION1	
$GEO_TYPE	
POLYLINE	obs_0640
$DAT_TYPE	
TECPLOT	
$TIM_TYPE	
STEPS	1
#OUTPUT	
$PCS_TYPE	
RICHARDS_FLOW	
$NOD_VALUES	
SATURATION1	
$GEO_TYPE	
POLYLINE	obs_0650
$DAT_TYPE	
TECPLOT	
$TIM_TYPE	
STEPS	1
#OUTPUT	
$PCS_TYPE	
RICHARDS_FLOW	
$NOD_VALUES	
SATURATION1	
$GEO_TYPE	
POLYLINE	obs_0660
$DAT_TYPE	
TECPLOT	
$TIM_TYPE	
STEPS	1
#OUTPUT	
$PCS_TYPE	
RICHARDS_FLOW	
$NOD_VALUES	
SATURATION1	
$GEO_TYPE	
POLYLINE	obs_0670
$DAT_TYPE	
TECPLOT	
$TIM_TYPE	
STEPS	1
#OUTPUT	
$PCS_TYPE	
RICHARDS_FLOW	
$NOD_VALUES	
SATURATION1	
$GEO_TYPE	
POLYLINE	obs_0680
$DAT_TYPE	
TECPLOT	
$TIM_TYPE	
STEPS	1
#OUTPUT	
$PCS_TYPE	
RICHARDS_FLOW	
$NOD_VALUES	
SATURATION1	
$GEO_TYPE	
POLYLINE	obs_0690
$DAT_TYPE	
TECPLOT	
$TIM_TYPE	
STEPS	1
#OUTPUT	
$PCS_TYPE	
RICHARDS_FLOW	
$NOD_VALUES	
SATURATION1	
$GEO_TYPE	
POLYLINE	obs_0700
$DAT_TYPE	
TECPLOT	
$TIM_TYPE	
STEPS	1
#OUTPUT	
$PCS_TYPE	
RICHARDS_FLOW	
$NOD_VALUES	
SATURATION1	
$GEO_TYPE	
POLYLINE	obs_0710
$DAT_TYPE	
TECPLOT	
$TIM_TYPE	
STEPS	1
#OUTPUT	
$PCS_TYPE	
RICHARDS_FLOW	
$NOD_VALUES	
SATURATION1	
$GEO_TYPE	
POLYLINE	obs_0720
$DAT_TYPE	
TECPLOT	
$TIM_TYPE	
STEPS	1
#OUTPUT	
$PCS_TYPE	
RICHARDS_FLOW	
$NOD_VALUES	
SATURATION1	
$GEO_TYPE	
POLYLINE	obs_0730
$DAT_TYPE	
TECPLOT	
$TIM_TYPE	
STEPS	1
#OUTPUT	
$PCS_TYPE	
RICHARDS_FLOW	
$NOD_VALUES	
SATURATION1	
$GEO_TYPE	
POLYLINE	obs_0740
$DAT_TYPE	
TECPLOT	
$TIM_TYPE	
STEPS	1
#OUTPUT	
$PCS_TYPE	
RICHARDS_FLOW	
$NOD_VALUES	
SATURATION1	
$GEO_TYPE	
POLYLINE	obs_0750
$DAT_TYPE	
TECPLOT	
$TIM_TYPE	
STEPS	1
#OUTPUT	
$PCS_TYPE	
RICHARDS_FLOW	
$NOD_VALUES	
SATURATION1	
$GEO_TYPE	
POLYLINE	obs_0760
$DAT_TYPE	
TECPLOT	
$TIM_TYPE	
STEPS	1
#OUTPUT	
$PCS_TYPE	
RICHARDS_FLOW	
$NOD_VALUES	
SATURATION1	
$GEO_TYPE	
POLYLINE	obs_0770
$DAT_TYPE	
TECPLOT	
$TIM_TYPE	
STEPS	1
#OUTPUT	
$PCS_TYPE	
RICHARDS_FLOW	
$NOD_VALUES	
SATURATION1	
$GEO_TYPE	
POLYLINE	obs_0780
$DAT_TYPE	
TECPLOT	
$TIM_TYPE	
STEPS	1
#OUTPUT	
$PCS_TYPE	
RICHARDS_FLOW	
$NOD_VALUES	
SATURATION1	
$GEO_TYPE	
POLYLINE	obs_0790
$DAT_TYPE	
TECPLOT	
$TIM_TYPE	
STEPS	1
#OUTPUT	
$PCS_TYPE	
RICHARDS_FLOW	
$NOD_VALUES	
SATURATION1	
$GEO_TYPE	
POLYLINE	obs_0800
$DAT_TYPE	
TECPLOT	
$TIM_TYPE	
STEPS	1
#OUTPUT	
$PCS_TYPE	
RICHARDS_FLOW	
$NOD_VALUES	
SATURATION1	
$GEO_TYPE	
POLYLINE	obs_0810
$DAT_TYPE	
TECPLOT	
$TIM_TYPE	
STEPS	1
#OUTPUT	
$PCS_TYPE	
RICHARDS_FLOW	
$NOD_VALUES	
SATURATION1	
$GEO_TYPE	
POLYLINE	obs_0820
$DAT_TYPE	
TECPLOT	
$TIM_TYPE	
STEPS	1
#OUTPUT	
$PCS_TYPE	
RICHARDS_FLOW	
$NOD_VALUES	
SATURATION1	
$GEO_TYPE	
POLYLINE	obs_0830
$DAT_TYPE	
TECPLOT	
$TIM_TYPE	
STEPS	1
#OUTPUT	
$PCS_TYPE	
RICHARDS_FLOW	
$NOD_VALUES	
SATURATION1	
$GEO_TYPE	
POLYLINE	obs_0840
$DAT_TYPE	
TECPLOT	
$TIM_TYPE	
STEPS	1
#OUTPUT	
$PCS_TYPE	
RICHARDS_FLOW	
$NOD_VALUES	
SATURATION1	
$GEO_TYPE	
POLYLINE	obs_0850
$DAT_TYPE	
TECPLOT	
$TIM_TYPE	
STEPS	1
#OUTPUT	
$PCS_TYPE	
RICHARDS_FLOW	
$NOD_VALUES	
SATURATION1	
$GEO_TYPE	
POLYLINE	obs_0860
$DAT_TYPE	
TECPLOT	
$TIM_TYPE	
STEPS	1
#OUTPUT	
$PCS_TYPE	
RICHARDS_FLOW	
$NOD_VALUES	
SATURATION1	
$GEO_TYPE	
POLYLINE	obs_0870
$DAT_TYPE	
TECPLOT	
$TIM_TYPE	
STEPS	1
#OUTPUT	
$PCS_TYPE	
RICHARDS_FLOW	
$NOD_VALUES	
SATURATION1	
$GEO_TYPE	
POLYLINE	obs_0880
$DAT_TYPE	
TECPLOT	
$TIM_TYPE	
STEPS	1
#OUTPUT	
$PCS_TYPE	
RICHARDS_FLOW	
$NOD_VALUES	
SATURATION1	
$GEO_TYPE	
POLYLINE	obs_0890
$DAT_TYPE	
TECPLOT	
$TIM_TYPE	
STEPS	1
#OUTPUT	
$PCS_TYPE	
RICHARDS_FLOW	
$NOD_VALUES	
SATURATION1	
$GEO_TYPE	
POLYLINE	obs_0900
$DAT_TYPE	
TECPLOT	
$TIM_TYPE	
STEPS	1
#OUTPUT	
$PCS_TYPE	
RICHARDS_FLOW	
$NOD_VALUES	
SATURATION1	
$GEO_TYPE	
POLYLINE	obs_0910
$DAT_TYPE	
TECPLOT	
$TIM_TYPE	
STEPS	1
#OUTPUT	
$PCS_TYPE	
RICHARDS_FLOW	
$NOD_VALUES	
SATURATION1	
$GEO_TYPE	
POLYLINE	obs_0920
$DAT_TYPE	
TECPLOT	
$TIM_TYPE	
STEPS	1
#OUTPUT	
$PCS_TYPE	
RICHARDS_FLOW	
$NOD_VALUES	
SATURATION1	
$GEO_TYPE	
POLYLINE	obs_0930
$DAT_TYPE	
TECPLOT	
$TIM_TYPE	
STEPS	1
#OUTPUT	
$PCS_TYPE	
RICHARDS_FLOW	
$NOD_VALUES	
SATURATION1	
$GEO_TYPE	
POLYLINE	obs_0940
$DAT_TYPE	
TECPLOT	
$TIM_TYPE	
STEPS	1
#OUTPUT	
$PCS_TYPE	
RICHARDS_FLOW	
$NOD_VALUES	
SATURATION1	
$GEO_TYPE	
POLYLINE	obs_0950
$DAT_TYPE	
TECPLOT	
$TIM_TYPE	
STEPS	1
#OUTPUT	
$PCS_TYPE	
RICHARDS_FLOW	
$NOD_VALUES	
SATURATION1	
$GEO_TYPE	
POLYLINE	obs_0960
$DAT_TYPE	
TECPLOT	
$TIM_TYPE	
STEPS	1
#OUTPUT	
$PCS_TYPE	
RICHARDS_FLOW	
$NOD_VALUES	
SATURATION1	
$GEO_TYPE	
POLYLINE	obs_0970
$DAT_TYPE	
TECPLOT	
$TIM_TYPE	
STEPS	1
#OUTPUT	
$PCS_TYPE	
RICHARDS_FLOW	
$NOD_VALUES	
SATURATION1	
$GEO_TYPE	
POLYLINE	obs_0980
$DAT_TYPE	
TECPLOT	
$TIM_TYPE	
STEPS	1
#OUTPUT	
$PCS_TYPE	
RICHARDS_FLOW	
$NOD_VALUES	
SATURATION1	
$GEO_TYPE	
POLYLINE	obs_0990
$DAT_TYPE	
TECPLOT	
$TIM_TYPE	
STEPS	1
#OUTPUT	
$PCS_TYPE	
RICHARDS_FLOW	
$NOD_VALUES	
SATURATION1	
$GEO_TYPE	
POLYLINE	obs_1000
$DAT_TYPE	
TECPLOT	
$TIM_TYPE	
STEPS	1
#STOP
#STOP