
          ###################################################
          ##                                               ##
          ##               OpenGeoSys-Project              ##
          ##                                               ##
          ##  Helmholtz Center for Environmental Research  ##
          ##    UFZ Leipzig - Environmental Informatics    ##
          ##                  TU Dresden                   ##
          ##              University of Kiel               ##
          ##            University of Edinburgh            ##
          ##         University of Tuebingen (ZAG)         ##
          ##       Federal Institute for Geosciences       ##
          ##          and Natural Resources (BGR)          ##
          ##  German Research Centre for Geosciences (GFZ) ##
          ##                                               ##
          ##  Version 5.7.1-153-ga9def71  Date 09.08.2016  ##
          ##                                               ##
          ###################################################

          File name (without extension): 
---------------------------------------------
Data input:
GEOLIB::readGLIFile open stream from file /Users/houben/phd/python/scripts/ogs5py/setup/1019_reali_18_stor_0.01_rech_whitenoise/transect.gli ... done
read points from stream ...  ok, 16 points read
read polylines from stream ...  ok, 12 polylines read
PCSRead ... done, read 1 processes
MFPRead
BCRead ... done, read 1 boundary conditions
STRead ... done, read 1 source terms
ICRead
OUTRead
TIMRead
MMPRead ... done, read 30 medium properties
NUMRead
MSHRead:  ASCII file
Executing ConstructGrid() ... 