|------------------ Written with ogs5py ------------------|
#OUTPUT
  $NOD_VALUES
   HEAD
   VELOCITY_X1
   VELOCITY_Y1
   VELOCITY_Z1
  $ELE_VALUES
   VELOCITY1_X
   VELOCITY1_Y
   VELOCITY1_Z
  $GEO_TYPE
   DOMAIN
  $TIM_TYPE
   STEPS 1000
  $DAT_TYPE
   PVD
  $PCS_TYPE
   GROUNDWATER_FLOW
#OUTPUT
  $NOD_VALUES
   HEAD
   VELOCITY_X1
   VELOCITY_Y1
   VELOCITY_Z1
  $ELE_VALUES
   VELOCITY1_X
   VELOCITY1_Y
   VELOCITY1_Z
  $GEO_TYPE
   POLYLINE obs_00000
  $TIM_TYPE
   STEPS 1
  $DAT_TYPE
   TECPLOT
  $PCS_TYPE
   GROUNDWATER_FLOW
#OUTPUT
  $NOD_VALUES
   HEAD
   VELOCITY_X1
   VELOCITY_Y1
   VELOCITY_Z1
  $ELE_VALUES
   VELOCITY1_X
   VELOCITY1_Y
   VELOCITY1_Z
  $GEO_TYPE
   POLYLINE obs_00050
  $TIM_TYPE
   STEPS 1
  $DAT_TYPE
   TECPLOT
  $PCS_TYPE
   GROUNDWATER_FLOW
#OUTPUT
  $NOD_VALUES
   HEAD
   VELOCITY_X1
   VELOCITY_Y1
   VELOCITY_Z1
  $ELE_VALUES
   VELOCITY1_X
   VELOCITY1_Y
   VELOCITY1_Z
  $GEO_TYPE
   POLYLINE obs_00250
  $TIM_TYPE
   STEPS 1
  $DAT_TYPE
   TECPLOT
  $PCS_TYPE
   GROUNDWATER_FLOW
#OUTPUT
  $NOD_VALUES
   HEAD
   VELOCITY_X1
   VELOCITY_Y1
   VELOCITY_Z1
  $ELE_VALUES
   VELOCITY1_X
   VELOCITY1_Y
   VELOCITY1_Z
  $GEO_TYPE
   POLYLINE obs_00500
  $TIM_TYPE
   STEPS 1
  $DAT_TYPE
   TECPLOT
  $PCS_TYPE
   GROUNDWATER_FLOW
#OUTPUT
  $NOD_VALUES
   HEAD
   VELOCITY_X1
   VELOCITY_Y1
   VELOCITY_Z1
  $ELE_VALUES
   VELOCITY1_X
   VELOCITY1_Y
   VELOCITY1_Z
  $GEO_TYPE
   POLYLINE obs_00750
  $TIM_TYPE
   STEPS 1
  $DAT_TYPE
   TECPLOT
  $PCS_TYPE
   GROUNDWATER_FLOW
#OUTPUT
  $NOD_VALUES
   HEAD
   VELOCITY_X1
   VELOCITY_Y1
   VELOCITY_Z1
  $ELE_VALUES
   VELOCITY1_X
   VELOCITY1_Y
   VELOCITY1_Z
  $GEO_TYPE
   POLYLINE obs_00900
  $TIM_TYPE
   STEPS 1
  $DAT_TYPE
   TECPLOT
  $PCS_TYPE
   GROUNDWATER_FLOW
#OUTPUT
  $NOD_VALUES
   HEAD
   VELOCITY_X1
   VELOCITY_Y1
   VELOCITY_Z1
  $ELE_VALUES
   VELOCITY1_X
   VELOCITY1_Y
   VELOCITY1_Z
  $GEO_TYPE
   POLYLINE obs_00990
  $TIM_TYPE
   STEPS 1
  $DAT_TYPE
   TECPLOT
  $PCS_TYPE
   GROUNDWATER_FLOW
#OUTPUT
  $NOD_VALUES
   HEAD
   VELOCITY_X1
   VELOCITY_Y1
   VELOCITY_Z1
  $ELE_VALUES
   VELOCITY1_X
   VELOCITY1_Y
   VELOCITY1_Z
  $GEO_TYPE
   POLYLINE obs_01000
  $TIM_TYPE
   STEPS 1
  $DAT_TYPE
   TECPLOT
  $PCS_TYPE
   GROUNDWATER_FLOW
#STOP
|-- Written with ogs5py (1.0.4) on: 2019-09-18_15-20-20 --|